{"message":"Bookmark with id f0ae9497-2902-4ba5-a693-246ac194715f created.","level":"info"}
{"message":"Card with id f0ae9497-2902-4ba5-a693-246ac194715f deleted.","level":"info"}
{"message":"Card with id f0ae9497-2902-4ba5-a693-246ac194715f deleted.","level":"info"}
{"message":"Url is invalid","level":"error"}
{"message":"Description is required","level":"error"}
{"message":"Url is invalid","level":"error"}
{"message":"Description is required","level":"error"}
{"message":"Description is required","level":"error"}
{"message":"Bookmark with id 5e147d93-0b96-4321-8453-eff8f6450b38 created.","level":"info"}
{"message":"Unauthorized request to path: /bookmarks/","level":"error"}
{"message":"Card with id 8sdfbvbs65sd deleted.","level":"info"}
{"message":"Card with id 8sdfbvbs65sd deleted.","level":"info"}
{"message":"Card with id 8sdfbvbs65sd deleted.","level":"info"}
{"message":"No bookmark found with id 8sdfbvbs65sd","level":"error"}
{"message":"Bookmark with id 9ea82db4-ee29-4b1e-8318-2505622c3d66 created.","level":"info"}
{"message":"Card with id 9ea82db4-ee29-4b1e-8318-2505622c3d66 not found.","level":"error"}
{"message":"Card with id 9ea82db4-ee29-4b1e-8318-2505622c3d66 not found.","level":"error"}
{"message":"Bookmark with id 30d2537a-7388-41e1-86f0-da6aa174433c created.","level":"info"}
{"message":"Bookmark with id 30d2537a-7388-41e1-86f0-da6aa174433c not found.","level":"error"}
{"message":"Card with id 30d2537a-7388-41e1-86f0-da6aa174433c deleted.","level":"info"}
{"message":"No bookmark found with id 30d2537a-7388-41e1-86f0-da6aa174433c","level":"error"}
{"message":"No bookmark found with id 87fn36vd9djdf","level":"error"}
{"message":"Bookmark with id 87fn36vd9djd not found.","level":"error"}
{"message":"Card with id 87fn36vd9djd deleted.","level":"info"}
{"message":"Bookmark with id 87fn36vd9djd not found.","level":"error"}
{"message":"Card with id 87fn36vd9djd deleted.","level":"info"}
{"message":"Bookmark with id 87fn36vd9djd not found.","level":"error"}
{"message":"Card with id 87fn36vd9djd deleted.","level":"info"}
{"message":"Card with id 87fn36vd9djd deleted.","level":"info"}
{"message":"Bookmark with id 87fn36vd9djd not found.","level":"error"}
{"message":"Card with id 87fn36vd9djd deleted.","level":"info"}
{"message":"Card with id 87fn36vd9djd deleted.","level":"info"}
{"message":"Card with id 87fn36vd9djd deleted.","level":"info"}
{"message":"Card with id 87fn36vd9djd deleted.","level":"info"}
{"message":"Card with id 87fn36vd9djd deleted.","level":"info"}
{"message":"Bookmark with id 87fn36vd9djd not found.","level":"error"}
{"message":"Card with id 87fn36vd9djd deleted.","level":"info"}
{"message":"Bookmark with id 8sdfbvbs65sd not found.","level":"error"}
{"message":"Card with id 8sdfbvbs65sd deleted.","level":"info"}
{"message":"Bookmark with id 8sdfbvbs65sd not found.","level":"error"}
{"message":"Card with id 8sdfbvbs65sd deleted.","level":"info"}
{"message":"Bookmark with id 87fn36vd9djd not found.","level":"error"}
{"message":"Card with id 87fn36vd9djd deleted.","level":"info"}
{"message":"No bookmark found with id 87fn36vd9djd","level":"error"}
{"message":"Card with id 87fn36vd9djd deleted.","level":"info"}
{"message":"Bookmark with id 87fn36vd9djd not found.","level":"error"}
{"message":"Card with id 87fn36vd9djd deleted.","level":"info"}
{"message":"No bookmark found with id 87fn36vd9djd","level":"error"}
{"message":"Bookmark with id 71bb2a04-3cd5-47fd-981b-8aebeeabf3c6 created.","level":"info"}
{"message":"Card with id 71bb2a04-3cd5-47fd-981b-8aebeeabf3c6 deleted.","level":"info"}
{"message":"Card with id 8sdfbvbs65sd deleted.","level":"info"}
{"message":"Bookmark with id 8sdfbvbs65sd not found.","level":"error"}
{"message":"Card with id 8sdfbvbs65sd deleted.","level":"info"}
{"message":"Card with id 87fn36vd9djd deleted.","level":"info"}
{"message":"Bookmark with id 87fn36vd9djd not found.","level":"error"}
{"message":"Card with id 87fn36vd9djd deleted.","level":"info"}
{"message":"Bookmark with id 54d458f1-7389-4933-8447-d29d22de99e3 created.","level":"info"}
{"message":"Card with id 54d458f1-7389-4933-8447-d29d22de99e3 deleted.","level":"info"}
{"message":"Bookmark with id 54d458f1-7389-4933-8447-d29d22de99e3 not found.","level":"error"}
{"message":"No bookmark found with id 54d458f1-7389-4933-8447-d29d22de99e3","level":"error"}
{"message":"Card with id 87fn36vd9djd deleted.","level":"info"}
{"message":"No bookmark found with id 87fn36vd9djd","level":"error"}
{"message":"Card with id 8sdfbvbs65sd deleted.","level":"info"}
{"message":"Unauthorized request to path: /bookmarks/","level":"error"}
{"message":"Unauthorized request to path: /bookmarks/","level":"error"}
{"message":"Unauthorized request to path: /bookmarks/","level":"error"}
{"message":"Bookmark not found.","level":"error"}
{"message":"Bookmark not found.","level":"error"}
{"message":"Bookmark not found.","level":"error"}
{"message":"Bookmark not found.","level":"error"}
{"message":"Bookmark not found.","level":"error"}
{"message":"Bookmark not found.","level":"error"}
{"message":"Card with id 8sdfbvbs65sd deleted.","level":"info"}
{"message":"Card with id 8sdfbvbs65sd deleted.","level":"info"}
{"message":"Unauthorized request to path: /bookmark/2","level":"error"}
{"message":"Unauthorized request to path: /","level":"error"}
{"message":"Unauthorized request to path: /","level":"error"}
{"message":"Url is invalid","level":"error"}
{"message":"Url is invalid","level":"error"}
{"message":"Unauthorized request to path: /bookmarks","level":"error"}
{"message":"Unauthorized request to path: /bookmarks","level":"error"}
{"message":"Unauthorized request to path: /bookmarks","level":"error"}
{"message":"Unauthorized request to path: /bookmarks/2","level":"error"}
{"message":"Unauthorized request to path: /bookmarks/2","level":"error"}
{"message":"Cannot read property 'insert' of undefined","level":"error"}
{"message":"Converting circular structure to JSON\n    --> starting at object with constructor 'Timeout'\n    |     property '_idlePrev' -> object with constructor 'TimersList'\n    --- property '_idleNext' closes the circle","level":"error"}
{"message":"Converting circular structure to JSON\n    --> starting at object with constructor 'Timeout'\n    |     property '_idlePrev' -> object with constructor 'TimersList'\n    --- property '_idleNext' closes the circle","level":"error"}
{"message":"Converting circular structure to JSON\n    --> starting at object with constructor 'Timeout'\n    |     property '_idlePrev' -> object with constructor 'TimersList'\n    --- property '_idleNext' closes the circle","level":"error"}
{"message":"Cannot read property 'insert' of undefined","level":"error"}
{"message":"Converting circular structure to JSON\n    --> starting at object with constructor 'Timeout'\n    |     property '_idlePrev' -> object with constructor 'TimersList'\n    --- property '_idleNext' closes the circle","level":"error"}
{"message":"Converting circular structure to JSON\n    --> starting at object with constructor 'Timeout'\n    |     property '_idlePrev' -> object with constructor 'TimersList'\n    --- property '_idleNext' closes the circle","level":"error"}
{"message":"Converting circular structure to JSON\n    --> starting at object with constructor 'Timeout'\n    |     property '_idlePrev' -> object with constructor 'TimersList'\n    --- property '_idleNext' closes the circle","level":"error"}
{"message":"Cannot read property 'insert' of undefined","level":"error"}
{"message":"Converting circular structure to JSON\n    --> starting at object with constructor 'Timeout'\n    |     property '_idlePrev' -> object with constructor 'TimersList'\n    --- property '_idleNext' closes the circle","level":"error"}
{"message":"Cannot read property 'into' of undefined","level":"error"}
{"message":"Cannot read property 'into' of undefined","level":"error"}
{"message":"Cannot read property 'into' of undefined","level":"error"}
{"message":"id is not defined","level":"error"}
{"message":"Cannot read property 'into' of undefined","level":"error"}
{"message":"Cannot read property 'into' of undefined","level":"error"}
{"message":"knex(...).where(...).delete(...).end is not a function","level":"error"}
{"message":"Cannot read property 'into' of undefined","level":"error"}
{"message":"knex(...).where(...).delete(...).end is not a function","level":"error"}
{"message":"Cannot read property 'into' of undefined","level":"error"}
{"message":"knex(...).where(...).delete(...).done is not a function","level":"error"}
{"message":"Cannot read property 'into' of undefined","level":"error"}
{"message":"knex is not a function","level":"error"}
{"message":"Cannot read property 'insert' of undefined","level":"error"}
{"message":"knex is not a function","level":"error"}
{"message":"knex is not a function","level":"error"}
{"message":"Cannot read property 'into' of undefined","level":"error"}
{"message":"Cannot read property 'into' of undefined","level":"error"}
{"message":"Cannot read property 'into' of undefined","level":"error"}
{"message":"Cannot read property 'into' of undefined","level":"error"}
{"message":"Cannot read property 'into' of undefined","level":"error"}
{"message":"Cannot read property 'into' of undefined","level":"error"}
{"message":"Cannot read property 'into' of undefined","level":"error"}
{"message":"Cannot read property 'id' of undefined","level":"error"}
{"message":"Cannot read property 'id' of undefined","level":"error"}
{"message":"Cannot read property 'id' of undefined","level":"error"}
{"message":"response is not defined","level":"error"}
{"message":"Bookmark with id 26 created.","level":"info"}
{"message":"Invalid rating '7' supplied","level":"error"}
{"message":"title is required","level":"error"}
{"message":"Cannot read property 'into' of undefined","level":"error"}
